<?xml version="1.0" encoding="UTF-8"?>
<!-- Generated by org.testng.reporters.JUnitReportReporter -->
<testsuite skipped="0" hostname="LAPTOP-FBFACADN" name="com.projects.testcases.CreateComputer" tests="3" failures="0" timestamp="2020-12-07T03:25:10 IST" time="5.927" errors="0">
  <testcase name="AddComputer" time="0.765" classname="com.projects.testcases.CreateComputer"/>
  <testcase name="Inputdata" time="4.247" classname="com.projects.testcases.CreateComputer"/>
  <testcase name="clickandverify" time="0.915" classname="com.projects.testcases.CreateComputer"/>
</testsuite> <!-- com.projects.testcases.CreateComputer -->
