<?xml version="1.0" encoding="UTF-8"?>
<!-- Generated by org.testng.reporters.JUnitReportReporter -->
<testsuite skipped="0" hostname="LAPTOP-FBFACADN" name="com.projects.testcases.EditandsaveComputer" tests="3" failures="0" timestamp="2020-12-07T03:25:10 IST" time="3.640" errors="0">
  <testcase name="EditComputerDetails" time="1.619" classname="com.projects.testcases.EditandsaveComputer"/>
  <testcase name="EditdataAndSave" time="1.944" classname="com.projects.testcases.EditandsaveComputer"/>
  <testcase name="verify" time="0.077" classname="com.projects.testcases.EditandsaveComputer"/>
</testsuite> <!-- com.projects.testcases.EditandsaveComputer -->
